000 (27319.000.000) 06/06 14:05:48 Job submitted from host: <192.168.100.49:9618?addrs=192.168.100.49-9618&noUDP&sock=3542423_1c41_3>
...
001 (27319.000.000) 06/06 14:05:58 Job executing on host: <192.168.100.52:9618?addrs=192.168.100.52-9618&noUDP&sock=9754_02dc_4>
...
006 (27319.000.000) 06/06 14:06:04 Image size of job updated: 55740
	0  -  MemoryUsage of job (MB)
	0  -  ResidentSetSize of job (KB)
...
005 (27319.000.000) 06/06 14:06:04 Job terminated.
	(1) Normal termination (return value 0)
		Usr 0 00:00:03, Sys 0 00:00:00  -  Run Remote Usage
		Usr 0 00:00:00, Sys 0 00:00:00  -  Run Local Usage
		Usr 0 00:00:03, Sys 0 00:00:00  -  Total Remote Usage
		Usr 0 00:00:00, Sys 0 00:00:00  -  Total Local Usage
	0  -  Run Bytes Sent By Job
	0  -  Run Bytes Received By Job
	0  -  Total Bytes Sent By Job
	0  -  Total Bytes Received By Job
	Partitionable Resources :    Usage  Request Allocated
	   Cpus                 :                 1         1
	   Disk (KB)            :        2        2    501367
	   Memory (MB)          :        0        1         1
...
000 (27320.000.000) 06/06 22:28:49 Job submitted from host: <192.168.100.49:9618?addrs=192.168.100.49-9618&noUDP&sock=3542423_1c41_3>
...
001 (27320.000.000) 06/06 22:28:52 Job executing on host: <192.168.100.52:9618?addrs=192.168.100.52-9618&noUDP&sock=9754_02dc_4>
...
006 (27320.000.000) 06/06 22:28:59 Image size of job updated: 57700
	0  -  MemoryUsage of job (MB)
	0  -  ResidentSetSize of job (KB)
...
005 (27320.000.000) 06/06 22:28:59 Job terminated.
	(1) Normal termination (return value 0)
		Usr 0 00:00:04, Sys 0 00:00:00  -  Run Remote Usage
		Usr 0 00:00:00, Sys 0 00:00:00  -  Run Local Usage
		Usr 0 00:00:04, Sys 0 00:00:00  -  Total Remote Usage
		Usr 0 00:00:00, Sys 0 00:00:00  -  Total Local Usage
	0  -  Run Bytes Sent By Job
	0  -  Run Bytes Received By Job
	0  -  Total Bytes Sent By Job
	0  -  Total Bytes Received By Job
	Partitionable Resources :    Usage  Request Allocated
	   Cpus                 :                 1         1
	   Disk (KB)            :        2        2    501367
	   Memory (MB)          :        0        1         1
...
